Build started 20.02.2021 15:27:49.
     1>Project "C:\Creation\GameDevelopment\Clickteam\Dev Extensions\ClickteamDevelopGithub\windows-edif-CF25\Extensions\PDFViewer\PDFViewer.vcxproj" on node 2 (Build target(s)).
     1>ClCompile:
         C:\Program Files (x86)\Microsoft Visual Studio 12.0\VC\bin\CL.exe /c /I..\..\Inc /I.\ /Zi /nologo /W3 /WX- /O1 /Ob1 /Oy- /D HWABETA /D COXSDK /D IN_EXT_VERSION2 /D _CRT_SECURE_NO_WARNINGS /D _CRT_SECURE_NO_DEPRECATE /D _WINDOWS /D EDITOR /D _VC80_UPGRADE=0x0600 /D _USING_V110_SDK71_ /D _WINDLL /D _UNICODE /D UNICODE /GF /Gm /EHsc /MT /GS /Gy /fp:precise /Zc:wchar_t /Zc:forScope /GR /Fo".\ReleaseEditorUnicode\\" /Fd".\ReleaseEditorUnicode\vc120.pdb" /Gd /TP /analyze- /errorReport:prompt Actions.cpp
         Actions.cpp
     1>Actions.cpp(9): warning C4800: 'BOOL' : forcing value to bool 'true' or 'false' (performance warning)
     1>C:\Program Files (x86)\MSBuild\Microsoft.Cpp\v4.0\V120\Microsoft.CppBuild.targets(1197,5): warning MSB8030: The linker switch "Minimum Required Version" requires "SubSystem" to be set.  Without "SubSystem", the "Minimum Required Version" would not be passed to linker and could prevent to the output binary from running on older Operating Systems.
       Link:
         C:\Program Files (x86)\Microsoft Visual Studio 12.0\VC\bin\link.exe /ERRORREPORT:PROMPT /OUT:"C:\Creation\GameDevelopment\Clickteam\Dev Extensions\ClickteamDevelopGithub\windows-edif-CF25\Extensions\PDFViewer\\MFX\Extensions\Unicode\PDFViewer.mfx" /INCREMENTAL:NO /NOLOGO setupapi.lib kernel32.lib user32.lib gdi32.lib winspool.lib comdlg32.lib advapi32.lib shell32.lib ole32.lib oleaut32.lib uuid.lib ..\..\lib\mmfs2.lib kernel32.lib user32.lib gdi32.lib winspool.lib comdlg32.lib advapi32.lib shell32.lib ole32.lib oleaut32.lib uuid.lib odbc32.lib odbccp32.lib /DEF:".\Ext.def" /MANIFEST:NO /PDB:".\ReleaseEditorUnicode\PDFViewer.pdb" /TLBID:1 /DYNAMICBASE:NO /IMPLIB:".\ReleaseEditorUnicode\PDFViewer.lib" /MACHINE:X86 /SAFESEH /DLL .\ReleaseEditorUnicode\Ext.res
         .\ReleaseEditorUnicode\Actions.obj
         .\ReleaseEditorUnicode\Conditions.obj
         .\ReleaseEditorUnicode\Edittime.obj
         .\ReleaseEditorUnicode\Expressions.obj
         .\ReleaseEditorUnicode\Extension.obj
         .\ReleaseEditorUnicode\General.obj
         .\ReleaseEditorUnicode\Runtime.obj
         .\ReleaseEditorUnicode\ObjectSelection.obj
         .\ReleaseEditorUnicode\Edif.obj
         .\ReleaseEditorUnicode\Edif.Edittime.obj
         .\ReleaseEditorUnicode\Edif.General.obj
         .\ReleaseEditorUnicode\Edif.Runtime.obj
         .\ReleaseEditorUnicode\json.obj
            Creating library .\ReleaseEditorUnicode\PDFViewer.lib and object .\ReleaseEditorUnicode\PDFViewer.exp
     1>Actions.obj : error LNK2019: unresolved external symbol "__declspec(dllimport) int __stdcall ExportImageW(class CImageFilterMgr *,wchar_t const *,class cSurface *,unsigned long)" (__imp_?ExportImageW@@YGHPAVCImageFilterMgr@@PB_WPAVcSurface@@K@Z) referenced in function "public: void __thiscall Extension::OpenPDFFile(wchar_t *)" (?OpenPDFFile@Extension@@QAEXPA_W@Z)
     1>C:\Creation\GameDevelopment\Clickteam\Dev Extensions\ClickteamDevelopGithub\windows-edif-CF25\Extensions\PDFViewer\\MFX\Extensions\Unicode\PDFViewer.mfx : fatal error LNK1120: 1 unresolved externals
     1>Done Building Project "C:\Creation\GameDevelopment\Clickteam\Dev Extensions\ClickteamDevelopGithub\windows-edif-CF25\Extensions\PDFViewer\PDFViewer.vcxproj" (Build target(s)) -- FAILED.

Build FAILED.

Time Elapsed 00:00:01.50
